\BOOKMARK [2][]{Outline0.1}{Outline}{}% 1
\BOOKMARK [2][]{Outline0.2}{Integrated Quantities}{}% 2
\BOOKMARK [2][]{Outline0.3}{avgmu}{}% 3
\BOOKMARK [2][]{Outline0.4}{nvtx}{}% 4
\BOOKMARK [2][]{Outline0.5}{eratio}{}% 5
\BOOKMARK [2][]{Outline0.6}{rhad}{}% 6
\BOOKMARK [2][]{Outline0.7}{reta}{}% 7
\BOOKMARK [2][]{Outline0.8}{rphi}{}% 8
\BOOKMARK [2][]{Outline0.9}{f1}{}% 9
\BOOKMARK [2][]{Outline0.10}{f3}{}% 10
\BOOKMARK [2][]{Outline0.11}{wtots1}{}% 11
\BOOKMARK [2][]{Outline0.12}{weta2}{}% 12
\BOOKMARK [2][]{Outline0.13}{d0significance}{}% 13
\BOOKMARK [2][]{Outline0.14}{trackd0pvunbiased}{}% 14
\BOOKMARK [2][]{Outline0.15}{deltaPhiRescaled2}{}% 15
\BOOKMARK [2][]{Outline0.16}{eProbabilityHT}{}% 16
\BOOKMARK [2][]{Outline0.17}{TRT\137PID}{}% 17
\BOOKMARK [2][]{Outline0.18}{deltaEta1}{}% 18
\BOOKMARK [2][]{Outline0.19}{DeltaPOverP}{}% 19
\BOOKMARK [2][]{Outline0.20}{Statistics}{}% 20
